<?xml version="1.0" encoding="UTF-8"?>
<!-- Generated by org.testng.reporters.JUnitXMLReporter -->
<testsuite ignored="0" hostname="DESKTOP-MJBPI9L" failures="1" tests="1" name="edgetest" time="38.222" errors="0" timestamp="2026-04-20T08:09:43 IST">
  <testcase classname="testCases.TC001_AccoutResistrationTest" name="verify_Acct_Resistration" time="11.577">
    <failure type="java.lang.AssertionError" message="null">
      <![CDATA[java.lang.AssertionError: null
at testCases.TC001_AccoutResistrationTest.verify_Acct_Resistration(TC001_AccoutResistrationTest.java:62)
at java.base/java.util.ArrayList.forEach(ArrayList.java:1596)
at java.base/java.util.concurrent.FutureTask.run(FutureTask.java:317)
at java.base/java.util.concurrent.ThreadPoolExecutor.runWorker(ThreadPoolExecutor.java:1144)
at java.base/java.util.concurrent.ThreadPoolExecutor$Worker.run(ThreadPoolExecutor.java:642)
at java.base/java.lang.Thread.run(Thread.java:1583)
... Removed 17 stack frames]]>
    </failure>
  </testcase> <!-- verify_Acct_Resistration -->
</testsuite> <!-- edgetest -->
