<?xml version="1.0" encoding="UTF-8"?>
<testng-results ignored="0" total="2" passed="2" failed="0" skipped="0">
  <reporter-output>
  </reporter-output>
  <suite started-at="2026-04-21T17:47:10 IST" name="Master Suite" finished-at="2026-04-21T17:47:34 IST" duration-ms="24128">
    <groups>
      <group name="Master">
        <method signature="TC001_AccoutResistrationTest.verify_Acct_Resistration()[pri:0, instance:testCases.TC001_AccoutResistrationTest@6b927fb]" name="verify_Acct_Resistration" class="testCases.TC001_AccoutResistrationTest"/>
        <method signature="TC002_LoginTest.verify_login()[pri:0, instance:testCases.TC002_LoginTest@4a94ee4]" name="verify_login" class="testCases.TC002_LoginTest"/>
      </group> <!-- Master -->
      <group name="Sanity">
        <method signature="TC002_LoginTest.verify_login()[pri:0, instance:testCases.TC002_LoginTest@4a94ee4]" name="verify_login" class="testCases.TC002_LoginTest"/>
      </group> <!-- Sanity -->
      <group name="Regression">
        <method signature="TC001_AccoutResistrationTest.verify_Acct_Resistration()[pri:0, instance:testCases.TC001_AccoutResistrationTest@6b927fb]" name="verify_Acct_Resistration" class="testCases.TC001_AccoutResistrationTest"/>
      </group> <!-- Regression -->
    </groups>
    <test started-at="2026-04-21T17:47:10 IST" name="Test" finished-at="2026-04-21T17:47:34 IST" duration-ms="24128">
      <class name="testCases.TC001_AccoutResistrationTest">
        <test-method is-config="true" signature="setup(java.lang.String,java.lang.String)[pri:0, instance:testCases.TC001_AccoutResistrationTest@6b927fb]" started-at="2026-04-21T17:47:11 IST" name="setup" finished-at="2026-04-21T17:47:18 IST" duration-ms="7414" status="PASS">
          <params>
            <param index="0">
              <value>
                <![CDATA[Windows]]>
              </value>
            </param>
            <param index="1">
              <value>
                <![CDATA[chrome]]>
              </value>
            </param>
          </params>
          <reporter-output>
          </reporter-output>
        </test-method> <!-- setup -->
        <test-method signature="verify_Acct_Resistration()[pri:0, instance:testCases.TC001_AccoutResistrationTest@6b927fb]" started-at="2026-04-21T17:47:18 IST" name="verify_Acct_Resistration" finished-at="2026-04-21T17:47:23 IST" duration-ms="4742" status="PASS">
          <reporter-output>
          </reporter-output>
        </test-method> <!-- verify_Acct_Resistration -->
        <test-method is-config="true" signature="tearDown()[pri:0, instance:testCases.TC001_AccoutResistrationTest@6b927fb]" started-at="2026-04-21T17:47:23 IST" name="tearDown" finished-at="2026-04-21T17:47:23 IST" duration-ms="577" status="PASS">
          <reporter-output>
          </reporter-output>
        </test-method> <!-- tearDown -->
      </class> <!-- testCases.TC001_AccoutResistrationTest -->
      <class name="testCases.TC002_LoginTest">
        <test-method is-config="true" signature="setup(java.lang.String,java.lang.String)[pri:0, instance:testCases.TC002_LoginTest@4a94ee4]" started-at="2026-04-21T17:47:23 IST" name="setup" finished-at="2026-04-21T17:47:30 IST" duration-ms="6674" status="PASS">
          <params>
            <param index="0">
              <value>
                <![CDATA[Windows]]>
              </value>
            </param>
            <param index="1">
              <value>
                <![CDATA[chrome]]>
              </value>
            </param>
          </params>
          <reporter-output>
          </reporter-output>
        </test-method> <!-- setup -->
        <test-method signature="verify_login()[pri:0, instance:testCases.TC002_LoginTest@4a94ee4]" started-at="2026-04-21T17:47:30 IST" name="verify_login" finished-at="2026-04-21T17:47:33 IST" duration-ms="3473" status="PASS">
          <reporter-output>
          </reporter-output>
        </test-method> <!-- verify_login -->
        <test-method is-config="true" signature="tearDown()[pri:0, instance:testCases.TC002_LoginTest@4a94ee4]" started-at="2026-04-21T17:47:34 IST" name="tearDown" finished-at="2026-04-21T17:47:34 IST" duration-ms="422" status="PASS">
          <reporter-output>
          </reporter-output>
        </test-method> <!-- tearDown -->
      </class> <!-- testCases.TC002_LoginTest -->
    </test> <!-- Test -->
  </suite> <!-- Master Suite -->
</testng-results>
